<?xml version="1.0" encoding="UTF-8"?>
<!-- Generated by org.testng.reporters.JUnitXMLReporter -->
<testsuite hostname="Bhavins-MacBook-Air.local" failures="0" tests="10" name="Free CRM App Test Cases" time="231.65" errors="0" timestamp="6 Nov 2022 17:21:19 GMT">
  <testcase classname="com.practice.qa.testcases.LoginPageTest" name="loginPageTitleTest" time="3.782"/>
  <testcase classname="com.practice.qa.testcases.LoginPageTest" name="crmLogoImageTest" time="6.53"/>
  <testcase classname="com.practice.qa.testcases.LoginPageTest" name="loginTest" time="13.662"/>
  <testcase classname="com.practice.qa.testcases.HomePageTest" name="verifyHomePageTitleTest" time="0.119"/>
  <testcase classname="com.practice.qa.testcases.HomePageTest" name="verifyUserNameTest" time="0.422"/>
  <testcase classname="com.practice.qa.testcases.HomePageTest" name="verifyContactsLinkTest" time="1.732"/>
  <testcase classname="com.practice.qa.testcases.ContactsPageTest" name="VerifyContactsPageLable" time="0.623"/>
  <testcase classname="com.practice.qa.testcases.ContactsPageTest" name="selectContactsTest" time="0.471"/>
  <testcase classname="com.practice.qa.testcases.ContactsPageTest" name="selectMultipleContactsTest" time="0.27"/>
  <testcase classname="com.practice.qa.testcases.ContactsPageTest" name="VerifyContactAdded" time="0.012">
    <skipped/>
  </testcase> <!-- VerifyContactAdded -->
</testsuite> <!-- Free CRM App Test Cases -->
