<?xml version="1.0" encoding="UTF-8"?>
<!-- Generated by org.testng.reporters.JUnitXMLReporter -->
<testsuite hostname="Bhavins-MacBook-Air.local" failures="0" tests="4" name="Default test" time="84.744" errors="0" timestamp="6 Nov 2022 16:26:17 GMT">
  <testcase classname="com.practice.qa.testcases.ContactsPageTest" name="VerifyContactsPageLable" time="0.125"/>
  <testcase classname="com.practice.qa.testcases.ContactsPageTest" name="selectContactsTest" time="0.186"/>
  <testcase classname="com.practice.qa.testcases.ContactsPageTest" name="selectMultipleContactsTest" time="0.757"/>
  <testcase classname="com.practice.qa.testcases.ContactsPageTest" name="VerifyContactAdded" time="0.015">
    <skipped/>
  </testcase> <!-- VerifyContactAdded -->
</testsuite> <!-- Default test -->
