<?xml version="1.0" encoding="UTF-8"?>
<!-- Generated by org.testng.reporters.JUnitXMLReporter -->
<testsuite ignored="0" hostname="Bhavins-MacBook-Air.local" failures="0" tests="9" name="FREECRM" time="171.208" errors="0" timestamp="2022-10-30T20:28:35 EDT">
  <testcase classname="com.practice.qa.testcases.LoginPageTest" name="loginPageTitleTest" time="2.414"/>
  <testcase classname="com.practice.qa.testcases.LoginPageTest" name="crmLogoImageTest" time="4.149"/>
  <testcase classname="com.practice.qa.testcases.LoginPageTest" name="loginTest" time="4.007"/>
  <testcase classname="com.practice.qa.testcases.HomePageTest" name="verifyHomePageTitleTest" time="0.11"/>
  <testcase classname="com.practice.qa.testcases.HomePageTest" name="verifyUserNameTest" time="0.288"/>
  <testcase classname="com.practice.qa.testcases.HomePageTest" name="verifyContactsLinkTest" time="1.38"/>
  <testcase classname="com.practice.qa.testcases.ContactsPageTest" name="VerifyContactsPageLable" time="0.749"/>
  <testcase classname="com.practice.qa.testcases.ContactsPageTest" name="selectContactsTest" time="0.115"/>
  <testcase classname="com.practice.qa.testcases.ContactsPageTest" name="selectMultipleContactsTest" time="0.175"/>
</testsuite> <!-- FREECRM -->
